<?xml version="1.0" encoding="UTF-8"?>
<!-- Generated by org.testng.reporters.JUnitReportReporter -->
<testsuite skipped="0" hostname="MacBook-Pro.local" name="tests.CheckOut_TC1" tests="4" failures="0" timestamp="2021-11-12T11:24:39 EST" time="1.883" errors="0">
  <testcase name="verifyItemsAndTotalAtCheckout" time="0.657" classname="tests.CheckOut_TC1"/>
  <system-out/>
  <testcase name="verifyOrderCompleted" time="0.025" classname="tests.CheckOut_TC1"/>
  <system-out/>
  <testcase name="verifyItemsAddedToCart" time="1.195" classname="tests.CheckOut_TC1"/>
  <system-out/>
  <testcase name="verifyLoginPageLoaded" time="0.006" classname="tests.CheckOut_TC1"/>
  <system-out/>
</testsuite> <!-- tests.CheckOut_TC1 -->
